<?xml version="1.0" encoding="UTF-8" standalone="no"?>
<testsuite failures="0" name="cucumber.runtime.formatter.JUnitFormatter" skipped="0" tests="1" time="19.933931">
<testcase classname="Norwegian Login Feature" name="Norwegian Login Test Scenario" time="19.933931">
<system-out><![CDATA[Given User is already on Login Page.........................................passed
When title of login page contains Mina resor................................passed
Then user enters username and user enters password..........................passed
Then user clicks on login button............................................passed
Then user is on home page...................................................passed
]]></system-out>
</testcase>
</testsuite>
